<?xml version="1.0" encoding="UTF-8"?>
<!-- Generated by org.testng.reporters.JUnitXMLReporter -->
<testsuite ignored="0" hostname="DESKTOP-P7PJ42F" failures="0" tests="4" name="Surefire test" time="0.028" errors="0" timestamp="19 Aug. 2019 23:55:57 GMT">
  <testcase classname="GeevanSelenium.ApiTest" name="test1" time="0.006"/>
  <testcase classname="GeevanSelenium.ApiTest" name="test2" time="0.001"/>
  <testcase classname="GeevanSelenium.SeleniumTest" name="test2_1" time="0.0"/>
  <testcase classname="GeevanSelenium.SeleniumTest" name="test2_2" time="0.0"/>
</testsuite> <!-- Surefire test -->
