<?xml version="1.0" encoding="UTF-8"?>
<testsuite xmlns:xsi="http://www.w3.org/2001/XMLSchema-instance" xsi:noNamespaceSchemaLocation="https://maven.apache.org/surefire/maven-surefire-plugin/xsd/surefire-test-report-3.0.xsd" version="3.0" name="TestSuite" time="0.502" tests="4" errors="0" skipped="0" failures="0">
  <properties>
[...]
</properties>
  <testcase name="test1" classname="GeevanSelenium.ApiTest" time="0.005"/>
  <testcase name="test2" classname="GeevanSelenium.ApiTest" time="0.001"/>
  <testcase name="test2_1" classname="GeevanSelenium.SeleniumTest" time="0.001"/>
  <testcase name="test2_2" classname="GeevanSelenium.SeleniumTest" time="0.001"/>
</testsuite>